<?xml version="1.0" encoding="UTF-8"?>
<testsuite name="com.stackfortech.testWithCoverage.TestWithCoverageApplicationTests" tests="1" skipped="0" failures="0" errors="0" timestamp="2020-08-01T07:32:27" hostname="Mrinals-MacBook-Pro.local" time="0.251">
  <properties/>
  <testcase name="contextLoads()" classname="com.stackfortech.testWithCoverage.TestWithCoverageApplicationTests" time="0.251"/>
  <system-out><![CDATA[13:02:09.928 [Test worker] DEBUG org.springframework.test.context.BootstrapUtils - Instantiating CacheAwareContextLoaderDelegate from class [org.springframework.test.context.cache.DefaultCacheAwareContextLoaderDelegate]
13:02:09.954 [Test worker] DEBUG org.springframework.test.context.BootstrapUtils - Instantiating BootstrapContext using constructor [public org.springframework.test.context.support.DefaultBootstrapContext(java.lang.Class,org.springframework.test.context.CacheAwareContextLoaderDelegate)]
13:02:10.003 [Test worker] DEBUG org.springframework.test.context.BootstrapUtils - Instantiating TestContextBootstrapper for test class [com.stackfortech.testWithCoverage.TestWithCoverageApplicationTests] from class [org.springframework.boot.test.context.SpringBootTestContextBootstrapper]
13:02:10.026 [Test worker] INFO org.springframework.boot.test.context.SpringBootTestContextBootstrapper - Neither @ContextConfiguration nor @ContextHierarchy found for test class [com.stackfortech.testWithCoverage.TestWithCoverageApplicationTests], using SpringBootContextLoader
13:02:10.033 [Test worker] DEBUG org.springframework.test.context.support.AbstractContextLoader - Did not detect default resource location for test class [com.stackfortech.testWithCoverage.TestWithCoverageApplicationTests]: class path resource [com/stackfortech/testWithCoverage/TestWithCoverageApplicationTests-context.xml] does not exist
13:02:10.034 [Test worker] DEBUG org.springframework.test.context.support.AbstractContextLoader - Did not detect default resource location for test class [com.stackfortech.testWithCoverage.TestWithCoverageApplicationTests]: class path resource [com/stackfortech/testWithCoverage/TestWithCoverageApplicationTestsContext.groovy] does not exist
13:02:10.034 [Test worker] INFO org.springframework.test.context.support.AbstractContextLoader - Could not detect default resource locations for test class [com.stackfortech.testWithCoverage.TestWithCoverageApplicationTests]: no resource found for suffixes {-context.xml, Context.groovy}.
13:02:10.035 [Test worker] INFO org.springframework.test.context.support.AnnotationConfigContextLoaderUtils - Could not detect default configuration classes for test class [com.stackfortech.testWithCoverage.TestWithCoverageApplicationTests]: TestWithCoverageApplicationTests does not declare any static, non-private, non-final, nested classes annotated with @Configuration.
13:02:10.097 [Test worker] DEBUG org.springframework.test.context.support.ActiveProfilesUtils - Could not find an 'annotation declaring class' for annotation type [org.springframework.test.context.ActiveProfiles] and class [com.stackfortech.testWithCoverage.TestWithCoverageApplicationTests]
13:02:10.195 [Test worker] DEBUG org.springframework.context.annotation.ClassPathScanningCandidateComponentProvider - Identified candidate component class: file [/Users/deomrinal/Downloads/testWithCoverage/build/classes/java/main/com/stackfortech/testWithCoverage/TestWithCoverageApplication.class]
13:02:10.197 [Test worker] INFO org.springframework.boot.test.context.SpringBootTestContextBootstrapper - Found @SpringBootConfiguration com.stackfortech.testWithCoverage.TestWithCoverageApplication for test class com.stackfortech.testWithCoverage.TestWithCoverageApplicationTests
13:02:10.361 [Test worker] DEBUG org.springframework.boot.test.context.SpringBootTestContextBootstrapper - @TestExecutionListeners is not present for class [com.stackfortech.testWithCoverage.TestWithCoverageApplicationTests]: using defaults.
13:02:10.362 [Test worker] INFO org.springframework.boot.test.context.SpringBootTestContextBootstrapper - Loaded default TestExecutionListener class names from location [META-INF/spring.factories]: [org.springframework.boot.test.autoconfigure.restdocs.RestDocsTestExecutionListener, org.springframework.boot.test.autoconfigure.web.client.MockRestServiceServerResetTestExecutionListener, org.springframework.boot.test.autoconfigure.web.servlet.MockMvcPrintOnlyOnFailureTestExecutionListener, org.springframework.boot.test.autoconfigure.web.servlet.WebDriverTestExecutionListener, org.springframework.boot.test.autoconfigure.webservices.client.MockWebServiceServerTestExecutionListener, org.springframework.boot.test.mock.mockito.MockitoTestExecutionListener, org.springframework.boot.test.mock.mockito.ResetMocksTestExecutionListener, org.springframework.test.context.web.ServletTestExecutionListener, org.springframework.test.context.support.DirtiesContextBeforeModesTestExecutionListener, org.springframework.test.context.support.DependencyInjectionTestExecutionListener, org.springframework.test.context.support.DirtiesContextTestExecutionListener, org.springframework.test.context.transaction.TransactionalTestExecutionListener, org.springframework.test.context.jdbc.SqlScriptsTestExecutionListener, org.springframework.test.context.event.EventPublishingTestExecutionListener]
13:02:10.387 [Test worker] DEBUG org.springframework.boot.test.context.SpringBootTestContextBootstrapper - Skipping candidate TestExecutionListener [org.springframework.test.context.transaction.TransactionalTestExecutionListener] due to a missing dependency. Specify custom listener classes or make the default listener classes and their required dependencies available. Offending class: [org/springframework/transaction/interceptor/TransactionAttributeSource]
13:02:10.387 [Test worker] DEBUG org.springframework.boot.test.context.SpringBootTestContextBootstrapper - Skipping candidate TestExecutionListener [org.springframework.test.context.jdbc.SqlScriptsTestExecutionListener] due to a missing dependency. Specify custom listener classes or make the default listener classes and their required dependencies available. Offending class: [org/springframework/transaction/interceptor/TransactionAttribute]
13:02:10.388 [Test worker] INFO org.springframework.boot.test.context.SpringBootTestContextBootstrapper - Using TestExecutionListeners: [org.springframework.test.context.web.ServletTestExecutionListener@2ab5b314, org.springframework.test.context.support.DirtiesContextBeforeModesTestExecutionListener@490f4580, org.springframework.boot.test.mock.mockito.MockitoTestExecutionListener@33f040b3, org.springframework.boot.test.autoconfigure.SpringBootDependencyInjectionTestExecutionListener@5f4ae16d, org.springframework.test.context.support.DirtiesContextTestExecutionListener@58e0c483, org.springframework.test.context.event.EventPublishingTestExecutionListener@6b70a95a, org.springframework.boot.test.autoconfigure.restdocs.RestDocsTestExecutionListener@5ab4995f, org.springframework.boot.test.autoconfigure.web.client.MockRestServiceServerResetTestExecutionListener@527d4aed, org.springframework.boot.test.autoconfigure.web.servlet.MockMvcPrintOnlyOnFailureTestExecutionListener@ce758fd, org.springframework.boot.test.autoconfigure.web.servlet.WebDriverTestExecutionListener@62b31a42, org.springframework.boot.test.autoconfigure.webservices.client.MockWebServiceServerTestExecutionListener@1cb3092a, org.springframework.boot.test.mock.mockito.ResetMocksTestExecutionListener@24210273]
13:02:10.393 [Test worker] DEBUG org.springframework.test.context.support.AbstractDirtiesContextTestExecutionListener - Before test class: context [DefaultTestContext@2b69f1ee testClass = TestWithCoverageApplicationTests, testInstance = [null], testMethod = [null], testException = [null], mergedContextConfiguration = [WebMergedContextConfiguration@2dd5c1c5 testClass = TestWithCoverageApplicationTests, locations = '{}', classes = '{class com.stackfortech.testWithCoverage.TestWithCoverageApplication}', contextInitializerClasses = '[]', activeProfiles = '{}', propertySourceLocations = '{}', propertySourceProperties = '{org.springframework.boot.test.context.SpringBootTestContextBootstrapper=true}', contextCustomizers = set[org.springframework.boot.test.autoconfigure.properties.PropertyMappingContextCustomizer@0, org.springframework.boot.test.autoconfigure.web.servlet.WebDriverContextCustomizerFactory$Customizer@e3c56ac, org.springframework.boot.test.context.filter.ExcludeFilterContextCustomizer@c7bafbf, org.springframework.boot.test.json.DuplicateJsonObjectContextCustomizerFactory$DuplicateJsonObjectContextCustomizer@2ba189af, org.springframework.boot.test.mock.mockito.MockitoContextCustomizer@0, org.springframework.boot.test.web.client.TestRestTemplateContextCustomizer@2198061e, org.springframework.boot.test.context.SpringBootTestArgs@1], resourceBasePath = 'src/main/webapp', contextLoader = 'org.springframework.boot.test.context.SpringBootContextLoader', parent = [null]], attributes = map['org.springframework.test.context.web.ServletTestExecutionListener.activateListener' -> true]], class annotated with @DirtiesContext [false] with mode [null].
13:02:10.430 [Test worker] DEBUG org.springframework.test.context.support.TestPropertySourceUtils - Adding inlined properties to environment: {spring.jmx.enabled=false, org.springframework.boot.test.context.SpringBootTestContextBootstrapper=true}

  .   ____          _            __ _ _
 /\\ / ___'_ __ _ _(_)_ __  __ _ \ \ \ \
( ( )\___ | '_ | '_| | '_ \/ _` | \ \ \ \
 \\/  ___)| |_)| | | | | || (_| |  ) ) ) )
  '  |____| .__|_| |_|_| |_\__, | / / / /
 =========|_|==============|___/=/_/_/_/
 :: Spring Boot ::        (v2.3.2.RELEASE)

2020-08-01 13:02:20.759  WARN 10578 --- [    Test worker] o.s.boot.StartupInfoLogger               : InetAddress.getLocalHost().getHostName() took 5002 milliseconds to respond. Please verify your network configuration (macOS machines may need to add entries to /etc/hosts).
2020-08-01 13:02:25.769  INFO 10578 --- [    Test worker] c.s.t.TestWithCoverageApplicationTests   : Starting TestWithCoverageApplicationTests on Mrinals-MacBook-Pro.local with PID 10578 (started by deomrinal in /Users/deomrinal/Downloads/testWithCoverage)
2020-08-01 13:02:25.771  INFO 10578 --- [    Test worker] c.s.t.TestWithCoverageApplicationTests   : No active profile set, falling back to default profiles: default
2020-08-01 13:02:26.879  INFO 10578 --- [    Test worker] o.s.s.concurrent.ThreadPoolTaskExecutor  : Initializing ExecutorService 'applicationTaskExecutor'
2020-08-01 13:02:27.207  INFO 10578 --- [    Test worker] c.s.t.TestWithCoverageApplicationTests   : Started TestWithCoverageApplicationTests in 16.764 seconds (JVM running for 23.371)
]]></system-out>
  <system-err><![CDATA[]]></system-err>
</testsuite>
