<?xml version="1.0" encoding="UTF-8"?>
<testsuite name="com.stackfortech.testWithCoverage.service.AccountServiceTest" tests="6" skipped="0" failures="0" errors="0" timestamp="2020-08-01T07:32:27" hostname="Mrinals-MacBook-Pro.local" time="0.053">
  <properties/>
  <testcase name="findOne_error()" classname="com.stackfortech.testWithCoverage.service.AccountServiceTest" time="0.022"/>
  <testcase name="transfer_success()" classname="com.stackfortech.testWithCoverage.service.AccountServiceTest" time="0.004"/>
  <testcase name="transfer_InsufficientFundsTest()" classname="com.stackfortech.testWithCoverage.service.AccountServiceTest" time="0.003"/>
  <testcase name="transfer_invalidToAccountNumber()" classname="com.stackfortech.testWithCoverage.service.AccountServiceTest" time="0.003"/>
  <testcase name="transfer_invalidFromAccountNumber()" classname="com.stackfortech.testWithCoverage.service.AccountServiceTest" time="0.003"/>
  <testcase name="findOne_success()" classname="com.stackfortech.testWithCoverage.service.AccountServiceTest" time="0.009"/>
  <system-out><![CDATA[2020-08-01 13:02:27.490  INFO 10578 --- [    Test worker] .b.t.c.SpringBootTestContextBootstrapper : Neither @ContextConfiguration nor @ContextHierarchy found for test class [com.stackfortech.testWithCoverage.service.AccountServiceTest], using SpringBootContextLoader
2020-08-01 13:02:27.491  INFO 10578 --- [    Test worker] o.s.t.c.support.AbstractContextLoader    : Could not detect default resource locations for test class [com.stackfortech.testWithCoverage.service.AccountServiceTest]: no resource found for suffixes {-context.xml, Context.groovy}.
2020-08-01 13:02:27.491  INFO 10578 --- [    Test worker] t.c.s.AnnotationConfigContextLoaderUtils : Could not detect default configuration classes for test class [com.stackfortech.testWithCoverage.service.AccountServiceTest]: AccountServiceTest does not declare any static, non-private, non-final, nested classes annotated with @Configuration.
2020-08-01 13:02:27.496  INFO 10578 --- [    Test worker] .b.t.c.SpringBootTestContextBootstrapper : Found @SpringBootConfiguration com.stackfortech.testWithCoverage.TestWithCoverageApplication for test class com.stackfortech.testWithCoverage.service.AccountServiceTest
2020-08-01 13:02:27.498  INFO 10578 --- [    Test worker] .b.t.c.SpringBootTestContextBootstrapper : Loaded default TestExecutionListener class names from location [META-INF/spring.factories]: [org.springframework.boot.test.autoconfigure.restdocs.RestDocsTestExecutionListener, org.springframework.boot.test.autoconfigure.web.client.MockRestServiceServerResetTestExecutionListener, org.springframework.boot.test.autoconfigure.web.servlet.MockMvcPrintOnlyOnFailureTestExecutionListener, org.springframework.boot.test.autoconfigure.web.servlet.WebDriverTestExecutionListener, org.springframework.boot.test.autoconfigure.webservices.client.MockWebServiceServerTestExecutionListener, org.springframework.boot.test.mock.mockito.MockitoTestExecutionListener, org.springframework.boot.test.mock.mockito.ResetMocksTestExecutionListener, org.springframework.test.context.web.ServletTestExecutionListener, org.springframework.test.context.support.DirtiesContextBeforeModesTestExecutionListener, org.springframework.test.context.support.DependencyInjectionTestExecutionListener, org.springframework.test.context.support.DirtiesContextTestExecutionListener, org.springframework.test.context.transaction.TransactionalTestExecutionListener, org.springframework.test.context.jdbc.SqlScriptsTestExecutionListener, org.springframework.test.context.event.EventPublishingTestExecutionListener]
2020-08-01 13:02:27.499  INFO 10578 --- [    Test worker] .b.t.c.SpringBootTestContextBootstrapper : Using TestExecutionListeners: [org.springframework.test.context.web.ServletTestExecutionListener@7db3283c, org.springframework.test.context.support.DirtiesContextBeforeModesTestExecutionListener@336b3658, org.springframework.boot.test.mock.mockito.MockitoTestExecutionListener@11ea3751, org.springframework.boot.test.autoconfigure.SpringBootDependencyInjectionTestExecutionListener@7c29567a, org.springframework.test.context.support.DirtiesContextTestExecutionListener@183f730b, org.springframework.test.context.event.EventPublishingTestExecutionListener@720c5fa2, org.springframework.boot.test.autoconfigure.restdocs.RestDocsTestExecutionListener@321cae0d, org.springframework.boot.test.autoconfigure.web.client.MockRestServiceServerResetTestExecutionListener@430a4b2, org.springframework.boot.test.autoconfigure.web.servlet.MockMvcPrintOnlyOnFailureTestExecutionListener@67742814, org.springframework.boot.test.autoconfigure.web.servlet.WebDriverTestExecutionListener@77158a17, org.springframework.boot.test.autoconfigure.webservices.client.MockWebServiceServerTestExecutionListener@202e2e3e, org.springframework.boot.test.mock.mockito.ResetMocksTestExecutionListener@21ba0bbd]
]]></system-out>
  <system-err><![CDATA[]]></system-err>
</testsuite>
